react-native-doc-viewer/build/outputs/logs/manifest-merger-debug-report.txt
-- Merging decision tree log ---
manifest
ADDED from src\main\AndroidManifest.xml:1:1-15:12
INJECTED from src\main\AndroidManifest.xml:1:1-15:12
INJECTED from src\main\AndroidManifest.xml:1:1-15:12
INJECTED from src\main\AndroidManifest.xml:1:1-15:12
INJECTED from src\main\AndroidManifest.xml:1:1-15:12
INJECTED from src\main\AndroidManifest.xml:1:1-15:12
INJECTED from src\main\AndroidManifest.xml:1:1-15:12
	package
		ADDED from src\main\AndroidManifest.xml:1:70-96
		INJECTED from src\main\AndroidManifest.xml
		INJECTED from src\main\AndroidManifest.xml
	android:versionName
		INJECTED from src\main\AndroidManifest.xml
		ADDED from src\main\AndroidManifest.xml:1:1-15:12
		INJECTED from src\main\AndroidManifest.xml
	android:versionCode
		INJECTED from src\main\AndroidManifest.xml
		ADDED from src\main\AndroidManifest.xml:1:1-15:12
		INJECTED from src\main\AndroidManifest.xml
	xmlns:android
		ADDED from src\main\AndroidManifest.xml:1:11-69
application
ADDED from src\main\AndroidManifest.xml:2:5-12:19
provider#com.philipphecht.FileProviderClass
ADDED from src\main\AndroidManifest.xml:3:9-11:20
	android:grantUriPermissions
		ADDED from src\main\AndroidManifest.xml:7:17-51
	android:authorities
		ADDED from src\main\AndroidManifest.xml:5:17-74
	android:exported
		ADDED from src\main\AndroidManifest.xml:6:17-41
	android:name
		ADDED from src\main\AndroidManifest.xml:4:17-66
meta-data#android.support.FILE_PROVIDER_PATHS
ADDED from src\main\AndroidManifest.xml:8:13-10:57
	android:resource
		ADDED from src\main\AndroidManifest.xml:10:21-54
	android:name
		ADDED from src\main\AndroidManifest.xml:9:21-71
uses-permission#android.permission.INTERNET
ADDED from src\main\AndroidManifest.xml:13:5-67
	android:name
		ADDED from src\main\AndroidManifest.xml:13:22-64
uses-permission#android.permission.ACCESS_NETWORK_STATE
ADDED from src\main\AndroidManifest.xml:14:5-79
	android:name
		ADDED from src\main\AndroidManifest.xml:14:22-76
uses-sdk
INJECTED from src\main\AndroidManifest.xml reason: use-sdk injection requested
INJECTED from src\main\AndroidManifest.xml
INJECTED from src\main\AndroidManifest.xml
INJECTED from src\main\AndroidManifest.xml
INJECTED from src\main\AndroidManifest.xml
	android:targetSdkVersion
		INJECTED from src\main\AndroidManifest.xml
		ADDED from src\main\AndroidManifest.xml
		INJECTED from src\main\AndroidManifest.xml
	android:minSdkVersion
		INJECTED from src\main\AndroidManifest.xml
		ADDED from src\main\AndroidManifest.xml
		INJECTED from src\main\AndroidManifest.xml